14:18:48: Creating resource group General
14:18:48: Creating resource group Internal
14:18:48: Creating resource group Autodetect
14:18:48: SceneManagerFactory for type 'DefaultSceneManager' registered.
14:18:48: Registering ResourceManager for type Material
14:18:48: Registering ResourceManager for type Mesh
14:18:48: Registering ResourceManager for type Skeleton
14:18:48: MovableObjectFactory for type 'ParticleSystem' registered.
14:18:48: OverlayElementFactory for type Panel registered.
14:18:48: OverlayElementFactory for type BorderPanel registered.
14:18:48: OverlayElementFactory for type TextArea registered.
14:18:48: Registering ResourceManager for type Font
14:18:48: ArchiveFactory for archive type FileSystem registered.
14:18:48: ArchiveFactory for archive type Zip registered.
14:18:48: DDS codec registering
14:18:48: FreeImage version: 3.15.1
14:18:48: This program uses FreeImage, a free, open source image library supporting all common bitmap formats. See http://freeimage.sourceforge.net for details
14:18:48: Supported formats: bmp,ico,jpg,jif,jpeg,jpe,jng,koa,iff,lbm,mng,pbm,pbm,pcd,pcx,pgm,pgm,png,ppm,ppm,ras,tga,targa,tif,tiff,wap,wbmp,wbm,psd,cut,xbm,xpm,gif,hdr,g3,sgi,exr,j2k,j2c,jp2,pfm,pct,pict,pic,3fr,arw,bay,bmq,cap,cine,cr2,crw,cs1,dc2,dcr,drf,dsc,dng,erf,fff,ia,iiq,k25,kc2,kdc,mdc,mef,mos,mrw,nef,nrw,orf,pef,ptx,pxn,qtk,raf,raw,rdc,rw2,rwl,rwz,sr2,srf,sti
14:18:48: Registering ResourceManager for type HighLevelGpuProgram
14:18:48: Registering ResourceManager for type Compositor
14:18:48: MovableObjectFactory for type 'Entity' registered.
14:18:48: MovableObjectFactory for type 'Light' registered.
14:18:48: MovableObjectFactory for type 'BillboardSet' registered.
14:18:48: MovableObjectFactory for type 'ManualObject' registered.
14:18:48: MovableObjectFactory for type 'BillboardChain' registered.
14:18:48: MovableObjectFactory for type 'RibbonTrail' registered.
14:18:48: OGRE EXCEPTION(6:FileNotFoundException): 'plugins.cfg' file not found! in ConfigFile::load at /build/buildd/ogre-1.7.4/OgreMain/src/OgreConfigFile.cpp (line 83)
14:18:48: plugins.cfg not found, automatic plugin loading disabled.
14:18:48: *-*-* OGRE Initialising
14:18:48: *-*-* Version 1.7.4 (Cthugha)
14:18:48: Loading library /usr/lib/x86_64-linux-gnu/OGRE-1.7.4/RenderSystem_GL.so
14:18:48: Installing plugin: GL RenderSystem
14:18:48: OpenGL Rendering Subsystem created.
14:18:48: Plugin successfully installed
14:18:48: Loading library /usr/lib/x86_64-linux-gnu/OGRE-1.7.4/Plugin_ParticleFX.so
14:18:48: Installing plugin: ParticleFX
14:18:48: Particle Emitter Type 'Point' registered
14:18:48: Particle Emitter Type 'Box' registered
14:18:48: Particle Emitter Type 'Ellipsoid' registered
14:18:48: Particle Emitter Type 'Cylinder' registered
14:18:48: Particle Emitter Type 'Ring' registered
14:18:48: Particle Emitter Type 'HollowEllipsoid' registered
14:18:48: Particle Affector Type 'LinearForce' registered
14:18:48: Particle Affector Type 'ColourFader' registered
14:18:48: Particle Affector Type 'ColourFader2' registered
14:18:48: Particle Affector Type 'ColourImage' registered
14:18:48: Particle Affector Type 'ColourInterpolator' registered
14:18:48: Particle Affector Type 'Scaler' registered
14:18:48: Particle Affector Type 'Rotator' registered
14:18:48: Particle Affector Type 'DirectionRandomiser' registered
14:18:48: Particle Affector Type 'DeflectorPlane' registered
14:18:48: Plugin successfully installed
14:18:48: Loading library /usr/lib/x86_64-linux-gnu/OGRE-1.7.4/Plugin_BSPSceneManager.so
14:18:48: Installing plugin: BSP Scene Manager
14:18:48: Plugin successfully installed
14:18:48: Loading library /usr/lib/x86_64-linux-gnu/OGRE-1.7.4/Plugin_OctreeSceneManager.so
14:18:48: Installing plugin: Octree & Terrain Scene Manager
14:18:48: Plugin successfully installed
14:18:48: CPU Identifier & Features
14:18:48: -------------------------
14:18:48:  *   CPU ID: AuthenticAMD: AMD Athlon(tm) 64 X2 Dual Core Processor 6000+
14:18:48:  *      SSE: yes
14:18:48:  *     SSE2: yes
14:18:48:  *     SSE3: yes
14:18:48:  *      MMX: yes
14:18:48:  *   MMXEXT: yes
14:18:48:  *    3DNOW: yes
14:18:48:  * 3DNOWEXT: yes
14:18:48:  *     CMOV: yes
14:18:48:  *      TSC: yes
14:18:48:  *      FPU: yes
14:18:48:  *      PRO: yes
14:18:48:  *       HT: no
14:18:48: -------------------------
14:18:48: ******************************
*** Starting GLX Subsystem ***
******************************
14:18:48: Added resource location '/usr/share/gazebo-1.5/' of type 'FileSystem' to resource group 'General'
14:18:48: Added resource location '/usr/share/gazebo-1.5/media' of type 'FileSystem' to resource group 'General'
14:18:48: Creating resource group SkyX
14:18:48: Added resource location '/usr/share/gazebo-1.5/media/skyx' of type 'FileSystem' to resource group 'SkyX'
14:18:48: Added resource location '/usr/share/gazebo-1.5/media/rtshaderlib' of type 'FileSystem' to resource group 'General'
14:18:48: Added resource location '/usr/share/gazebo-1.5/media/materials/programs' of type 'FileSystem' to resource group 'General'
14:18:48: Added resource location '/usr/share/gazebo-1.5/media/materials/scripts' of type 'FileSystem' to resource group 'General'
14:18:48: Added resource location '/usr/share/gazebo-1.5/media/materials/textures' of type 'FileSystem' to resource group 'General'
14:18:48: Added resource location '/usr/share/gazebo-1.5/media/media/models' of type 'FileSystem' to resource group 'General'
14:18:48: Creating resource group Fonts
14:18:48: Added resource location '/usr/share/gazebo-1.5/media/fonts' of type 'FileSystem' to resource group 'Fonts'
14:18:48: Creating resource group LookNFeel
14:18:48: Added resource location '/usr/share/gazebo-1.5/media/gui/looknfeel' of type 'FileSystem' to resource group 'LookNFeel'
14:18:48: Creating resource group Schemes
14:18:48: Added resource location '/usr/share/gazebo-1.5/media/gui/schemes' of type 'FileSystem' to resource group 'Schemes'
14:18:48: Creating resource group Imagesets
14:18:48: Added resource location '/usr/share/gazebo-1.5/media/gui/imagesets' of type 'FileSystem' to resource group 'Imagesets'
14:18:48: Added resource location '/usr/share/gazebo-1.5/media/gui/fonts' of type 'FileSystem' to resource group 'Fonts'
14:18:48: Creating resource group Layouts
14:18:48: Added resource location '/usr/share/gazebo-1.5/media/gui/layouts' of type 'FileSystem' to resource group 'Layouts'
14:18:48: Creating resource group Animations
14:18:48: Added resource location '/usr/share/gazebo-1.5/media/gui/animations' of type 'FileSystem' to resource group 'Animations'
14:18:48: Added resource location '/usr/share/gazebo-1.5/Media' of type 'FileSystem' to resource group 'General'
14:18:48: Added resource location '/usr/share/gazebo-1.5/Media/skyx' of type 'FileSystem' to resource group 'SkyX'
14:18:48: Added resource location '/usr/share/gazebo-1.5/Media/rtshaderlib' of type 'FileSystem' to resource group 'General'
14:18:48: Added resource location '/usr/share/gazebo-1.5/Media/materials/programs' of type 'FileSystem' to resource group 'General'
14:18:48: Added resource location '/usr/share/gazebo-1.5/Media/materials/scripts' of type 'FileSystem' to resource group 'General'
14:18:48: Added resource location '/usr/share/gazebo-1.5/Media/materials/textures' of type 'FileSystem' to resource group 'General'
14:18:48: Added resource location '/usr/share/gazebo-1.5/Media/media/models' of type 'FileSystem' to resource group 'General'
14:18:48: Added resource location '/usr/share/gazebo-1.5/Media/fonts' of type 'FileSystem' to resource group 'Fonts'
14:18:48: Added resource location '/usr/share/gazebo-1.5/Media/gui/looknfeel' of type 'FileSystem' to resource group 'LookNFeel'
14:18:48: Added resource location '/usr/share/gazebo-1.5/Media/gui/schemes' of type 'FileSystem' to resource group 'Schemes'
14:18:48: Added resource location '/usr/share/gazebo-1.5/Media/gui/imagesets' of type 'FileSystem' to resource group 'Imagesets'
14:18:48: Added resource location '/usr/share/gazebo-1.5/Media/gui/fonts' of type 'FileSystem' to resource group 'Fonts'
14:18:48: Added resource location '/usr/share/gazebo-1.5/Media/gui/layouts' of type 'FileSystem' to resource group 'Layouts'
14:18:48: Added resource location '/usr/share/gazebo-1.5/Media/gui/animations' of type 'FileSystem' to resource group 'Animations'
14:18:48: GLRenderSystem::_createRenderWindow "OgreWindow(0)", 1x1 windowed  miscParams: FSAA=4 externalGLControl= parentWindowHandle=71303169 
14:18:48: GLXWindow::create used FBConfigID = 161
14:18:48: GL_VERSION = 3.3.0 NVIDIA 295.40
14:18:48: GL_VENDOR = NVIDIA Corporation
14:18:48: GL_RENDERER = GeForce 8500 GT/PCIe/SSE2
14:18:48: GL_EXTENSIONS = GL_ARB_base_instance GL_ARB_blend_func_extended GL_ARB_color_buffer_float GL_ARB_compatibility GL_ARB_compressed_texture_pixel_storage GL_ARB_conservative_depth GL_ARB_copy_buffer GL_ARB_depth_buffer_float GL_ARB_depth_clamp GL_ARB_depth_texture GL_ARB_draw_buffers GL_ARB_draw_elements_base_vertex GL_ARB_draw_instanced GL_ARB_ES2_compatibility GL_ARB_explicit_attrib_location GL_ARB_fragment_coord_conventions GL_ARB_fragment_program GL_ARB_fragment_program_shadow GL_ARB_fragment_shader GL_ARB_framebuffer_object GL_ARB_framebuffer_sRGB GL_ARB_geometry_shader4 GL_ARB_get_program_binary GL_ARB_half_float_pixel GL_ARB_half_float_vertex GL_ARB_imaging GL_ARB_instanced_arrays GL_ARB_internalformat_query GL_ARB_map_buffer_alignment GL_ARB_map_buffer_range GL_ARB_multisample GL_ARB_multitexture GL_ARB_occlusion_query GL_ARB_occlusion_query2 GL_ARB_pixel_buffer_object GL_ARB_point_parameters GL_ARB_point_sprite GL_ARB_provoking_vertex GL_ARB_robustness GL_ARB_sampler_objects GL_ARB_seamless_cube_map GL_ARB_separate_shader_objects GL_ARB_shader_bit_encoding GL_ARB_shader_objects GL_ARB_shading_language_100 GL_ARB_shading_language_420pack GL_ARB_shading_language_include GL_ARB_shading_language_packing GL_ARB_shadow GL_ARB_sync GL_ARB_texture_border_clamp GL_ARB_texture_buffer_object GL_ARB_texture_compression GL_ARB_texture_compression_rgtc GL_ARB_texture_cube_map GL_ARB_texture_env_add GL_ARB_texture_env_combine GL_ARB_texture_env_crossbar GL_ARB_texture_env_dot3 GL_ARB_texture_float GL_ARB_texture_mirrored_repeat GL_ARB_texture_multisample GL_ARB_texture_non_power_of_two GL_ARB_texture_rectangle GL_ARB_texture_rg GL_ARB_texture_rgb10_a2ui GL_ARB_texture_storage GL_ARB_texture_swizzle GL_ARB_timer_query GL_ARB_transpose_matrix GL_ARB_uniform_buffer_object GL_ARB_vertex_array_bgra GL_ARB_vertex_array_object GL_ARB_vertex_buffer_object GL_ARB_vertex_program GL_ARB_vertex_shader GL_ARB_vertex_type_2_10_10_10_rev GL_ARB_viewport_array GL_ARB_window_pos GL_ATI_draw_buffers GL_ATI_texture_float GL_ATI_texture_mirror_once GL_S3_s3tc GL_EXT_texture_env_add GL_EXT_abgr GL_EXT_bgra GL_EXT_bindable_uniform GL_EXT_blend_color GL_EXT_blend_equation_separate GL_EXT_blend_func_separate GL_EXT_blend_minmax GL_EXT_blend_subtract GL_EXT_compiled_vertex_array GL_EXT_Cg_shader GL_EXT_depth_bounds_test GL_EXT_direct_state_access GL_EXT_draw_buffers2 GL_EXT_draw_instanced GL_EXT_draw_range_elements GL_EXT_fog_coord GL_EXT_framebuffer_blit GL_EXT_framebuffer_multisample GL_EXTX_framebuffer_mixed_formats GL_EXT_framebuffer_object GL_EXT_framebuffer_sRGB GL_EXT_geometry_shader4 GL_EXT_gpu_program_parameters GL_EXT_gpu_shader4 GL_EXT_multi_draw_arrays GL_EXT_packed_depth_stencil GL_EXT_packed_float GL_EXT_packed_pixels GL_EXT_pixel_buffer_object GL_EXT_point_parameters GL_EXT_provoking_vertex GL_EXT_rescale_normal GL_EXT_secondary_color GL_EXT_separate_shader_objects GL_EXT_separate_specular_color GL_EXT_shadow_funcs GL_EXT_stencil_two_side GL_EXT_stencil_wrap GL_EXT_texture3D GL_EXT_texture_array GL_EXT_texture_buffer_object GL_EXT_texture_compression_dxt1 GL_EXT_texture_compression_latc GL_EXT_texture_compression_rgtc GL_EXT_texture_compression_s3tc GL_EXT_texture_cube_map GL_EXT_texture_edge_clamp GL_EXT_texture_env_combine GL_EXT_texture_env_dot3 GL_EXT_texture_filter_anisotropic GL_EXT_texture_format_BGRA8888 GL_EXT_texture_integer GL_EXT_texture_lod GL_EXT_texture_lod_bias GL_EXT_texture_mirror_clamp GL_EXT_texture_object GL_EXT_texture_shared_exponent GL_EXT_texture_sRGB GL_EXT_texture_sRGB_decode GL_EXT_texture_storage GL_EXT_texture_swizzle GL_EXT_texture_type_2_10_10_10_REV GL_EXT_timer_query GL_EXT_vertex_array GL_EXT_vertex_array_bgra GL_EXT_x11_sync_object GL_EXT_import_sync_object GL_IBM_rasterpos_clip GL_IBM_texture_mirrored_repeat GL_KTX_buffer_region GL_NV_alpha_test GL_NV_blend_minmax GL_NV_blend_square GL_NV_complex_primitives GL_NV_conditional_render GL_NV_copy_depth_to_color GL_NV_copy_image GL_NV_depth_buffer_float GL_NV_depth_clamp GL_NV_explicit_multisample GL_NV_fbo_color_attachments GL_NV_fence GL_NV_float_buffer GL_NV_fog_distance GL_NV_fragdepth GL_NV_fragment_program GL_NV_fragment_program_option GL_NV_fragment_program2 GL_NV_framebuffer_multisample_coverage GL_NV_geometry_shader4 GL_NV_gpu_program4 GL_NV_half_float GL_NV_light_max_exponent GL_NV_multisample_coverage GL_NV_multisample_filter_hint GL_NV_occlusion_query GL_NV_packed_depth_stencil GL_NV_parameter_buffer_object GL_NV_parameter_buffer_object2 GL_NV_path_rendering GL_NV_pixel_data_range GL_NV_point_sprite GL_NV_primitive_restart GL_NV_register_combiners GL_NV_register_combiners2 GL_NV_shader_buffer_load GL_NV_texgen_reflection GL_NV_texture_barrier GL_NV_texture_compression_vtc GL_NV_texture_env_combine4 GL_NV_texture_expand_normal GL_NV_texture_lod_clamp GL_NV_texture_multisample GL_NV_texture_rectangle GL_NV_texture_shader GL_NV_texture_shader2 GL_NV_texture_shader3 GL_NV_transform_feedback GL_NV_vdpau_interop GL_NV_vertex_array_range GL_NV_vertex_array_range2 GL_NV_vertex_buffer_unified_memory GL_NV_vertex_program GL_NV_vertex_program1_1 GL_NV_vertex_program2 GL_NV_vertex_program2_option GL_NV_vertex_program3 GL_NVX_conditional_render GL_NVX_gpu_memory_info GL_OES_depth24 GL_OES_depth32 GL_OES_depth_texture GL_OES_element_index_uint GL_OES_fbo_render_mipmap GL_OES_get_program_binary GL_OES_mapbuffer GL_OES_packed_depth_stencil GL_OES_rgb8_rgba8 GL_OES_standard_derivatives GL_OES_texture_3D GL_OES_texture_float GL_OES_texture_float_linear GL_OES_texture_half_float GL_OES_texture_half_float_linear GL_OES_texture_npot GL_OES_vertex_array_object GL_OES_vertex_half_float GL_SGIS_generate_mipmap GL_SGIS_texture_lod GL_SGIX_depth_texture GL_SGIX_shadow GL_SUN_slice_accum 
14:18:48: Supported GLX extensions: GLX_EXT_visual_info GLX_EXT_visual_rating GLX_SGIX_fbconfig GLX_SGIX_pbuffer GLX_SGI_video_sync GLX_SGI_swap_control GLX_EXT_swap_control GLX_EXT_texture_from_pixmap GLX_ARB_create_context GLX_ARB_create_context_profile GLX_EXT_create_context_es2_profile GLX_ARB_create_context_robustness GLX_ARB_multisample GLX_NV_float_buffer GLX_ARB_fbconfig_float GLX_EXT_framebuffer_sRGB GLX_ARB_get_proc_address 
14:18:48: ***************************
14:18:48: *** GL Renderer Started ***
14:18:48: ***************************
14:18:48: Registering ResourceManager for type GpuProgram
14:18:48: GLSL support detected
14:18:48: GL: Using GL_EXT_framebuffer_object for rendering to textures (best)
14:18:48: FBO PF_UNKNOWN depth/stencil support: D16S0 D24S0 D32S0 Packed-D24S8 
14:18:48: FBO PF_L8 depth/stencil support: D0S0 D16S0 D24S0 D32S0 Packed-D24S8 
14:18:48: FBO PF_A8 depth/stencil support: D0S0 D16S0 D24S0 D32S0 Packed-D24S8 
14:18:48: FBO PF_A4L4 depth/stencil support: D0S0 D16S0 D24S0 D32S0 Packed-D24S8 
14:18:48: FBO PF_BYTE_LA depth/stencil support: D0S0 D16S0 D24S0 D32S0 Packed-D24S8 
14:18:48: FBO PF_R5G6B5 depth/stencil support: D0S0 D16S0 D24S0 D32S0 Packed-D24S8 
14:18:48: FBO PF_B5G6R5 depth/stencil support: D0S0 D16S0 D24S0 D32S0 Packed-D24S8 
14:18:48: FBO PF_A4R4G4B4 depth/stencil support: D0S0 D16S0 D24S0 D32S0 Packed-D24S8 
14:18:48: FBO PF_A1R5G5B5 depth/stencil support: D0S0 D16S0 D24S0 D32S0 Packed-D24S8 
14:18:48: FBO PF_R8G8B8 depth/stencil support: D0S0 D16S0 D24S0 D32S0 Packed-D24S8 
14:18:48: FBO PF_B8G8R8 depth/stencil support: D0S0 D16S0 D24S0 D32S0 Packed-D24S8 
14:18:48: FBO PF_A8R8G8B8 depth/stencil support: D0S0 D16S0 D24S0 D32S0 Packed-D24S8 
14:18:48: FBO PF_B8G8R8A8 depth/stencil support: D0S0 D16S0 D24S0 D32S0 Packed-D24S8 
14:18:48: FBO PF_A2R10G10B10 depth/stencil support: D0S0 D16S0 D24S0 D32S0 Packed-D24S8 
14:18:48: FBO PF_A2B10G10R10 depth/stencil support: D0S0 D16S0 D24S0 D32S0 Packed-D24S8 
14:18:48: FBO PF_FLOAT16_RGB depth/stencil support: D0S0 D16S0 D24S0 D32S0 Packed-D24S8 
14:18:48: FBO PF_FLOAT16_RGBA depth/stencil support: D0S0 D16S0 D24S0 D32S0 Packed-D24S8 
14:18:48: FBO PF_FLOAT32_RGB depth/stencil support: D0S0 D16S0 D24S0 D32S0 Packed-D24S8 
14:18:48: FBO PF_FLOAT32_RGBA depth/stencil support: D0S0 D16S0 D24S0 D32S0 Packed-D24S8 
14:18:48: FBO PF_X8R8G8B8 depth/stencil support: D0S0 D16S0 D24S0 D32S0 Packed-D24S8 
14:18:48: FBO PF_X8B8G8R8 depth/stencil support: D0S0 D16S0 D24S0 D32S0 Packed-D24S8 
14:18:48: FBO PF_SHORT_RGBA depth/stencil support: D0S0 D16S0 D24S0 D32S0 Packed-D24S8 
14:18:48: FBO PF_R3G3B2 depth/stencil support: D0S0 D16S0 D24S0 D32S0 Packed-D24S8 
14:18:48: FBO PF_FLOAT16_R depth/stencil support: D0S0 D16S0 D24S0 D32S0 Packed-D24S8 
14:18:48: FBO PF_FLOAT32_R depth/stencil support: D0S0 D16S0 D24S0 D32S0 Packed-D24S8 
14:18:48: FBO PF_FLOAT16_GR depth/stencil support: D0S0 D16S0 D24S0 D32S0 Packed-D24S8 
14:18:48: FBO PF_FLOAT32_GR depth/stencil support: D0S0 D16S0 D24S0 D32S0 Packed-D24S8 
14:18:48: FBO PF_SHORT_RGB depth/stencil support: D0S0 D16S0 D24S0 D32S0 Packed-D24S8 
14:18:48: [GL] : Valid FBO targets PF_UNKNOWN PF_L8 PF_A8 PF_A4L4 PF_BYTE_LA PF_R5G6B5 PF_B5G6R5 PF_A4R4G4B4 PF_A1R5G5B5 PF_R8G8B8 PF_B8G8R8 PF_A8R8G8B8 PF_B8G8R8A8 PF_A2R10G10B10 PF_A2B10G10R10 PF_FLOAT16_RGB PF_FLOAT16_RGBA PF_FLOAT32_RGB PF_FLOAT32_RGBA PF_X8R8G8B8 PF_X8B8G8R8 PF_SHORT_RGBA PF_R3G3B2 PF_FLOAT16_R PF_FLOAT32_R PF_FLOAT16_GR PF_FLOAT32_GR PF_SHORT_RGB 
14:18:48: RenderSystem capabilities
14:18:48: -------------------------
14:18:48: RenderSystem Name: OpenGL Rendering Subsystem
14:18:48: GPU Vendor: nvidia
14:18:48: Device Name: GeForce 8500 GT/PCIe/SSE2
14:18:48: Driver Version: 3.3.0.0
14:18:48:  * Fixed function pipeline: yes
14:18:48:  * Hardware generation of mipmaps: yes
14:18:48:  * Texture blending: yes
14:18:48:  * Anisotropic texture filtering: yes
14:18:48:  * Dot product texture operation: yes
14:18:48:  * Cube mapping: yes
14:18:48:  * Hardware stencil buffer: yes
14:18:48:    - Stencil depth: 8
14:18:48:    - Two sided stencil support: yes
14:18:48:    - Wrap stencil values: yes
14:18:48:  * Hardware vertex / index buffers: yes
14:18:48:  * Vertex programs: yes
14:18:48:  * Number of floating-point constants for vertex programs: 1024
14:18:48:  * Number of integer constants for vertex programs: 0
14:18:48:  * Number of boolean constants for vertex programs: 0
14:18:48:  * Fragment programs: yes
14:18:48:  * Number of floating-point constants for fragment programs: 512
14:18:48:  * Number of integer constants for fragment programs: 0
14:18:48:  * Number of boolean constants for fragment programs: 0
14:18:48:  * Geometry programs: yes
14:18:48:  * Number of floating-point constants for geometry programs: 2048
14:18:48:  * Number of integer constants for geometry programs: 0
14:18:48:  * Number of boolean constants for geometry programs: 0
14:18:48:  * Supported Shader Profiles: arbfp1 arbvp1 fp20 fp30 fp40 glsl gp4gp gp4vp gpu_gp gpu_vp nvgp4 vp30 vp40
14:18:48:  * Texture Compression: yes
14:18:48:    - DXT: yes
14:18:48:    - VTC: yes
14:18:48:    - PVRTC: no
14:18:48:  * Scissor Rectangle: yes
14:18:48:  * Hardware Occlusion Query: yes
14:18:48:  * User clip planes: yes
14:18:48:  * VET_UBYTE4 vertex element type: yes
14:18:48:  * Infinite far plane projection: yes
14:18:48:  * Hardware render-to-texture: yes
14:18:48:  * Floating point textures: yes
14:18:48:  * Non-power-of-two textures: yes
14:18:48:  * Volume textures: yes
14:18:48:  * Multiple Render Targets: 8
14:18:48:    - With different bit depths: yes
14:18:48:  * Point Sprites: yes
14:18:48:  * Extended point parameters: yes
14:18:48:  * Max Point Size: 63.375
14:18:48:  * Vertex texture fetch: yes
14:18:48:  * Number of world matrices: 0
14:18:48:  * Number of texture units: 32
14:18:48:  * Stencil buffer depth: 8
14:18:48:  * Number of vertex blend matrices: 0
14:18:48:    - Max vertex textures: 32
14:18:48:    - Vertex textures shared: yes
14:18:48:  * Render to Vertex Buffer : yes
14:18:48:  * GL 1.5 without VBO workaround: no
14:18:48:  * Frame Buffer objects: yes
14:18:48:  * Frame Buffer objects (ARB extension): no
14:18:48:  * Frame Buffer objects (ATI extension): no
14:18:48:  * PBuffer support: yes
14:18:48:  * GL 1.5 without HW-occlusion workaround: no
14:18:48: Registering ResourceManager for type Texture
14:18:48: Using FSAA from GL_ARB_multisample extension.
14:18:48: DefaultWorkQueue('Root') initialising on thread 0x1f512f0.
14:18:48: DefaultWorkQueue('Root')::WorkerFunc - thread 0x1f6f170 starting.
14:18:48: Particle Renderer Type 'billboard' registered
14:18:48: DefaultWorkQueue('Root')::WorkerFunc - thread 0x2026e90 starting.
14:18:48: SceneManagerFactory for type 'BspSceneManager' registered.
14:18:48: Registering ResourceManager for type BspLevel
14:18:48: SceneManagerFactory for type 'OctreeSceneManager' registered.
14:18:48: SceneManagerFactory for type 'TerrainSceneManager' registered.
14:18:48: Parsing scripts for resource group Animations
14:18:48: Finished parsing scripts for resource group Animations
14:18:48: Parsing scripts for resource group Autodetect
14:18:48: Finished parsing scripts for resource group Autodetect
14:18:48: Parsing scripts for resource group Fonts
14:18:48: Parsing script Gazebo.fontdef
14:18:48: Parsing script sample.fontdef
14:18:48: Bad attribute line: glyph	 	0.152344	0.125	0.160156	0.1875 in font Ogre
14:18:48: Finished parsing scripts for resource group Fonts
14:18:48: Parsing scripts for resource group General
14:18:48: Parsing script ShadowCaster.program
14:18:48: GLSL compiling: DeferredShading/Shadows/CasterVP
14:18:48: GLSL compiled : DeferredShading/Shadows/CasterVP
14:18:48: GLSL compiling: DeferredShading/Shadows/CasterFP
14:18:48: GLSL compiled : DeferredShading/Shadows/CasterFP
14:18:48: GLSL compiling: DeferredShading/Shadows/RSMCasterVP
14:18:48: GLSL compiled : DeferredShading/Shadows/RSMCasterVP
14:18:48: GLSL compiling: DeferredShading/Shadows/RSMCasterFP_Directional
14:18:48: GLSL compiled : DeferredShading/Shadows/RSMCasterFP_Directional
14:18:48: GLSL compiling: DeferredShading/Shadows/RSMCasterFP_Spot
14:18:48: GLSL compiled : DeferredShading/Shadows/RSMCasterFP_Spot
14:18:48: GLSL compiling: DeferredShading/Shadows/RSMCasterFP_Spot1
14:18:48: GLSL compiled : DeferredShading/Shadows/RSMCasterFP_Spot1
14:18:48: Parsing script perpixel.program
14:18:48: GLSL compiling: ambient_one_texture_vp_glsl
14:18:48: GLSL compiled : ambient_one_texture_vp_glsl
14:18:48: GLSL compiling: perpixel_vp_glsl
14:18:48: GLSL compiled : perpixel_vp_glsl
14:18:48: GLSL compiling: perpixel_fp_glsl
14:18:48: GLSL compiled : perpixel_fp_glsl
14:18:48: Parsing script VPL.program
14:18:48: GLSL compiling: DeferredRendering/VPL_FP
14:18:48: GLSL compiled : DeferredRendering/VPL_FP
14:18:48: GLSL compiling: DeferredRendering/VPL_FP_LBuffer
14:18:48: GLSL compiled : DeferredRendering/VPL_FP_LBuffer
14:18:48: GLSL compiling: DeferredRendering/VPL_VP
14:18:48: GLSL compiled : DeferredRendering/VPL_VP
14:18:48: Parsing script deferred_post.program
14:18:48: GLSL compiling: DeferredShading/Ambient_ps
14:18:48: GLSL compiled : DeferredShading/Ambient_ps
14:18:48: GLSL compiling: DeferredShading/LightMaterial_vs
14:18:48: GLSL compiled : DeferredShading/LightMaterial_vs
14:18:48: GLSL compiling: DeferredShading/vs
14:18:48: GLSL compiled : DeferredShading/vs
14:18:48: GLSL compiling: DeferredLighting/Ambient_ps
14:18:48: GLSL compiled : DeferredLighting/Ambient_ps
14:18:48: Parsing script shadow_caster.program
14:18:48: GLSL compiling: shadow_caster_vp_glsl
14:18:48: GLSL compiled : shadow_caster_vp_glsl
14:18:48: GLSL compiling: shadow_caster_fp_glsl
14:18:48: GLSL compiled : shadow_caster_fp_glsl
14:18:48: Parsing script gazebo.material
14:18:48: GLSL compiling: Gazebo/DepthMapVS
14:18:48: GLSL compiled : Gazebo/DepthMapVS
14:18:48: GLSL compiling: Gazebo/DepthMapFS
14:18:48: GLSL compiled : Gazebo/DepthMapFS
14:18:48: GLSL compiling: Gazebo/XYZPointsFS
14:18:48: GLSL compiled : Gazebo/XYZPointsFS0(8) : warning C7555: 'varying' is deprecated, use 'in/out' instead
0(15) : warning C7533: global variable gl_FragColor is deprecated after version 120

14:18:48: GLSL compiling: Gazebo/XYZPointsVS
14:18:48: GLSL compiled : Gazebo/XYZPointsVS
14:18:48: GLSL compiling: Gazebo/LaserScan1stFS
14:18:48: GLSL compiled : Gazebo/LaserScan1stFS
14:18:48: GLSL compiling: Gazebo/LaserScan1stVS
14:18:48: GLSL compiled : Gazebo/LaserScan1stVS
14:18:48: GLSL compiling: Gazebo/LaserScan2ndFS
14:18:48: GLSL compiled : Gazebo/LaserScan2ndFS0(10) : warning C7011: implicit cast from "int" to "float"
0(10) : warning C7011: implicit cast from "int" to "float"
0(11) : warning C7011: implicit cast from "int" to "float"
0(11) : warning C7011: implicit cast from "int" to "float"
0(15) : warning C7011: implicit cast from "int" to "float"

14:18:48: GLSL compiling: Gazebo/LaserScan2ndVS
14:18:48: GLSL compiled : Gazebo/LaserScan2ndVS
14:18:48: Parsing script ShadowCaster.material
14:18:48: Parsing script deferred_post_minilight.material
14:18:48: Parsing script VPL.material
14:18:48: Parsing script ssao.material
14:18:48: GLSL compiling: ssao_vs
14:18:48: GLSL compiled : ssao_vs
14:18:48: GLSL compiling: ssao_ps
14:18:48: GLSL compiled : ssao_ps0(87) : warning C7011: implicit cast from "int" to "float"

14:18:48: GLSL compiling: ssaoBlurX_ps
14:18:48: GLSL compiled : ssaoBlurX_ps
14:18:48: GLSL compiling: ssaoBlurY_ps
14:18:48: GLSL compiled : ssaoBlurY_ps
14:18:48: Parsing script picker.material
14:18:48: GLSL compiling: plaincolor_vs
14:18:48: GLSL compiled : plaincolor_vs
14:18:48: GLSL compiling: plaincolor_fs
14:18:48: GLSL compiled : plaincolor_fs
14:18:48: Parsing script kitchen.material
14:18:48: Parsing script blur.material
14:18:48: GLSL compiling: blur_ps
14:18:48: GLSL compiled : blur_ps
14:18:48: Parsing script deferred_post.material
14:18:48: Parsing script grid.material
14:18:48: GLSL compiling: grid_vp_glsl
14:18:48: GLSL compiled : grid_vp_glsl
14:18:48: GLSL compiling: grid_fp_glsl
14:18:48: GLSL compiled : grid_fp_glsl
14:18:48: Parsing script deferred.compositor
14:18:48: Parsing script ssao.compositor
14:18:48: Parsing script blur.compositor
14:18:48: Finished parsing scripts for resource group General
14:18:48: Parsing scripts for resource group Imagesets
14:18:48: Finished parsing scripts for resource group Imagesets
14:18:48: Parsing scripts for resource group Internal
14:18:48: Finished parsing scripts for resource group Internal
14:18:48: Parsing scripts for resource group Layouts
14:18:48: Finished parsing scripts for resource group Layouts
14:18:48: Parsing scripts for resource group LookNFeel
14:18:48: Finished parsing scripts for resource group LookNFeel
14:18:48: Parsing scripts for resource group Schemes
14:18:48: Finished parsing scripts for resource group Schemes
14:18:48: Parsing scripts for resource group SkyX
14:18:48: Parsing script SkyX.material
14:18:48: GLSL compiling: SkyX_Clouds_VP_GLSL
14:18:48: GLSL compiled : SkyX_Clouds_VP_GLSL
14:18:48: GLSL compiling: SkyX_Clouds_LDR_FP_GLSL
14:18:48: GLSL compiled : SkyX_Clouds_LDR_FP_GLSL
14:18:48: GLSL compiling: SkyX_Clouds_HDR_FP_GLSL
14:18:48: GLSL compiled : SkyX_Clouds_HDR_FP_GLSL
14:18:48: GLSL compiling: SkyX_VolClouds_VP_GLSL
14:18:48: GLSL compiled : SkyX_VolClouds_VP_GLSL
14:18:48: GLSL compiling: SkyX_VolClouds_FP_GLSL
14:18:48: GLSL compiled : SkyX_VolClouds_FP_GLSL
14:18:48: GLSL compiling: SkyX_VolClouds_Lightning_VP_GLSL
14:18:48: GLSL compiled : SkyX_VolClouds_Lightning_VP_GLSL
14:18:48: GLSL compiling: SkyX_VolClouds_Lightning_FP_GLSL
14:18:48: GLSL compiled : SkyX_VolClouds_Lightning_FP_GLSL
14:18:48: GLSL compiling: SkyX_Skydome_VP_GLSL
14:18:48: GLSL compiled : SkyX_Skydome_VP_GLSL
14:18:48: GLSL compiling: SkyX_Skydome_STARFIELD_LDR_FP_GLSL
14:18:48: GLSL compiled : SkyX_Skydome_STARFIELD_LDR_FP_GLSL
14:18:48: GLSL compiling: SkyX_Skydome_STARFIELD_HDR_FP_GLSL
14:18:48: GLSL compiled : SkyX_Skydome_STARFIELD_HDR_FP_GLSL0(68) : warning C7011: implicit cast from "float" to "vec3"

14:18:48: GLSL compiling: SkyX_Skydome_LDR_FP_GLSL
14:18:48: GLSL compiled : SkyX_Skydome_LDR_FP_GLSL
14:18:48: GLSL compiling: SkyX_Skydome_HDR_FP_GLSL
14:18:48: GLSL compiled : SkyX_Skydome_HDR_FP_GLSL0(74) : warning C7011: implicit cast from "float" to "vec3"

14:18:48: GLSL compiling: SkyX_Moon_VP_GLSL
14:18:48: GLSL compiled : SkyX_Moon_VP_GLSL
14:18:48: GLSL compiling: SkyX_Moon_FP_GLSL
14:18:48: GLSL compiled : SkyX_Moon_FP_GLSL
14:18:48: GLSL compiling: SkyX_Lightning_VP_GLSL
14:18:48: GLSL compiled : SkyX_Lightning_VP_GLSL
14:18:48: GLSL compiling: SkyX_Lightning_FP_GLSL
14:18:48: GLSL compiled : SkyX_Lightning_FP_GLSL
14:18:48: GLSL compiling: SkyX_Ground_VP_GLSL
14:18:48: GLSL compiled : SkyX_Ground_VP_GLSL
14:18:48: GLSL compiling: SkyX_Ground_LDR_FP_GLSL
14:18:48: GLSL compiled : SkyX_Ground_LDR_FP_GLSL
14:18:48: GLSL compiling: SkyX_Ground_HDR_FP_GLSL
14:18:48: GLSL compiled : SkyX_Ground_HDR_FP_GLSL
14:18:48: Finished parsing scripts for resource group SkyX
14:18:48: Added resource location '/usr/share/gazebo-1.5/media/rtshaderlib/' of type 'FileSystem' to resource group 'General'
14:18:48: Creating resource group ShaderGeneratorResourceGroup
14:18:48: Added resource location '/tmp/gazebo-bartek-rtshaderlibcache/' of type 'FileSystem' to resource group 'ShaderGeneratorResourceGroup'
14:19:34: Can't assign material _NULL_ to SubEntity of SkyXMeshEnt because this Material does not exist. Have you forgotten to define it in a .material script?
14:19:34: Texture: SkyX_Starfield.png: Loading 1 faces(PF_A8R8G8B8,512x512x1) with 5 generated mipmaps from Image. Internal format is PF_A8R8G8B8,512x512x1.
14:19:34: Texture: SkyX_Moon.png: Loading 1 faces(PF_A8R8G8B8,512x512x1) with 5 generated mipmaps from Image. Internal format is PF_A8R8G8B8,512x512x1.
14:19:34: Texture: SkyX_MoonHalo.png: Loading 1 faces(PF_A8R8G8B8,512x256x1) with 5 generated mipmaps from Image. Internal format is PF_A8R8G8B8,512x256x1.
14:19:34: Texture: Noise.jpg: Loading 1 faces(PF_R8G8B8,1024x1024x1) with 5 generated mipmaps from Image. Internal format is PF_X8R8G8B8,1024x1024x1.
14:18:49: GLRenderSystem::_createRenderWindow "OgreWindow(1)", 732x691 windowed  miscParams: FSAA=4 externalGLControl= parentWindowHandle=35834656:0:75497508 
14:18:50: GLXWindow::create used FBConfigID = 161
14:18:50: Texture: _cegui_ogre_0: Loading 1 faces(PF_A8B8G8R8,256x256x1) with 0 generated mipmaps from Image. Internal format is PF_A8R8G8B8,256x256x1.
14:18:50: Texture: _cegui_ogre_1: Loading 1 faces(PF_A8B8G8R8,128x128x1) with 0 generated mipmaps from Image. Internal format is PF_A8R8G8B8,128x128x1.
14:18:50: Texture: _cegui_ogre_2: Loading 1 faces(PF_A8B8G8R8,800x600x1) with 0 generated mipmaps from Image. Internal format is PF_A8R8G8B8,800x600x1.
14:18:50: [SkyX] VClouds warning: unregistered camera registered, manual unregistering is needed before camera destruction
14:18:50: Texture: spot_shadow_fade.png: Loading 1 faces(PF_R8G8B8,128x128x1) with 5 generated mipmaps from Image. Internal format is PF_X8R8G8B8,128x128x1.
14:18:50: GLSL compiling: 32396880_VS
14:18:50: GLSL compiled : 32396880_VS
14:18:50: GLSL compiling: 1278993783_FS
14:18:50: GLSL compiled : 1278993783_FS
14:18:50: GLSL compiling: FFPLib_Transform_VS
14:18:50: GLSL compiled : FFPLib_Transform_VS
14:18:50: GLSL compiling: FFPLib_Common_VS
14:18:50: GLSL compiled : FFPLib_Common_VS
14:18:50: GLSL compiling: SGXLib_PerPixelLighting_VS
14:18:50: GLSL compiled : SGXLib_PerPixelLighting_VS
14:18:50: GLSL compiling: FFPLib_Texturing_VS
14:18:50: GLSL compiled : FFPLib_Texturing_VS
14:18:50: GLSL compiling: FFPLib_Common_FS
14:18:50: GLSL compiled : FFPLib_Common_FS
14:18:50: GLSL compiling: SGXLib_PerPixelLighting_FS
14:18:50: GLSL compiled : SGXLib_PerPixelLighting_FS
14:18:50: GLSL compiling: FFPLib_Texturing_FS
14:18:50: GLSL compiled : FFPLib_Texturing_FS
14:18:50: GLSL compiling: SGXLib_IntegratedPSSM_FS
14:18:50: GLSL compiled : SGXLib_IntegratedPSSM_FS
14:18:50: GLSL compiling: 482156675_VS
14:18:50: GLSL compiled : 482156675_VS
14:18:50: GLSL compiling: 2576345713_FS
14:18:50: GLSL compiled : 2576345713_FS
14:18:50: GLSL compiling: FFPLib_Transform_VS
14:18:50: GLSL compiled : FFPLib_Transform_VS
14:18:50: GLSL compiling: FFPLib_Common_VS
14:18:50: GLSL compiled : FFPLib_Common_VS
14:18:50: GLSL compiling: SGXLib_PerPixelLighting_VS
14:18:50: GLSL compiled : SGXLib_PerPixelLighting_VS
14:18:50: GLSL compiling: FFPLib_Texturing_VS
14:18:50: GLSL compiled : FFPLib_Texturing_VS
14:18:50: GLSL compiling: FFPLib_Common_FS
14:18:50: GLSL compiled : FFPLib_Common_FS
14:18:50: GLSL compiling: SGXLib_PerPixelLighting_FS
14:18:50: GLSL compiled : SGXLib_PerPixelLighting_FS
14:18:50: GLSL compiling: FFPLib_Texturing_FS
14:18:50: GLSL compiled : FFPLib_Texturing_FS
14:18:50: GLSL compiling: SGXLib_IntegratedPSSM_FS
14:18:50: GLSL compiled : SGXLib_IntegratedPSSM_FS
14:18:50: GLSL compiling: 3830545728_VS
14:18:50: GLSL compiled : 3830545728_VS
14:18:50: GLSL compiling: 535743278_FS
14:18:50: GLSL compiled : 535743278_FS
14:18:50: GLSL compiling: FFPLib_Transform_VS
14:18:50: GLSL compiled : FFPLib_Transform_VS
14:18:50: GLSL compiling: FFPLib_Common_VS
14:18:50: GLSL compiled : FFPLib_Common_VS
14:18:50: GLSL compiling: FFPLib_Lighting_VS
14:18:50: GLSL compiled : FFPLib_Lighting_VS
14:18:50: GLSL compiling: FFPLib_Texturing_VS
14:18:50: GLSL compiled : FFPLib_Texturing_VS
14:18:50: GLSL compiling: FFPLib_Common_FS
14:18:50: GLSL compiled : FFPLib_Common_FS
14:18:50: GLSL compiling: FFPLib_Texturing_FS
14:18:50: GLSL compiled : FFPLib_Texturing_FS
14:18:50: GLSL compiling: SGXLib_IntegratedPSSM_FS
14:18:50: GLSL compiled : SGXLib_IntegratedPSSM_FS
14:18:50: GLSL compiling: 3115728493_VS
14:18:50: GLSL compiled : 3115728493_VS
14:18:50: GLSL compiling: 3721283182_FS
14:18:50: GLSL compiled : 3721283182_FS
14:18:50: GLSL compiling: FFPLib_Transform_VS
14:18:50: GLSL compiled : FFPLib_Transform_VS
14:18:50: GLSL compiling: FFPLib_Common_VS
14:18:50: GLSL compiled : FFPLib_Common_VS
14:18:50: GLSL compiling: SGXLib_PerPixelLighting_VS
14:18:50: GLSL compiled : SGXLib_PerPixelLighting_VS
14:18:50: GLSL compiling: FFPLib_Texturing_VS
14:18:50: GLSL compiled : FFPLib_Texturing_VS
14:18:50: GLSL compiling: FFPLib_Common_FS
14:18:50: GLSL compiled : FFPLib_Common_FS
14:18:50: GLSL compiling: SGXLib_PerPixelLighting_FS
14:18:50: GLSL compiled : SGXLib_PerPixelLighting_FS
14:18:50: GLSL compiling: FFPLib_Texturing_FS
14:18:50: GLSL compiled : FFPLib_Texturing_FS
14:18:50: GLSL compiling: SGXLib_IntegratedPSSM_FS
14:18:50: GLSL compiled : SGXLib_IntegratedPSSM_FS
14:18:50: GLSL compiling: 3550360237_VS
14:18:50: GLSL compiled : 3550360237_VS
14:18:50: GLSL compiling: 457098862_FS
14:18:50: GLSL compiled : 457098862_FS
14:18:50: GLSL compiling: FFPLib_Transform_VS
14:18:50: GLSL compiled : FFPLib_Transform_VS
14:18:50: GLSL compiling: FFPLib_Common_VS
14:18:50: GLSL compiled : FFPLib_Common_VS
14:18:50: GLSL compiling: SGXLib_PerPixelLighting_VS
14:18:50: GLSL compiled : SGXLib_PerPixelLighting_VS
14:18:50: GLSL compiling: FFPLib_Texturing_VS
14:18:50: GLSL compiled : FFPLib_Texturing_VS
14:18:50: GLSL compiling: FFPLib_Common_FS
14:18:50: GLSL compiled : FFPLib_Common_FS
14:18:50: GLSL compiling: SGXLib_PerPixelLighting_FS
14:18:50: GLSL compiled : SGXLib_PerPixelLighting_FS
14:18:50: GLSL compiling: FFPLib_Texturing_FS
14:18:50: GLSL compiled : FFPLib_Texturing_FS
14:18:50: Using FSAA from GL_ARB_multisample extension.
14:18:50: GLSL link result : 
14:18:50: GLSL link result : 
14:18:50: GLSL link result : 
14:19:33: Added resource location '/home/bartek/.gazebo/models/jurek' of type 'FileSystem' to resource group 'General' with recursive option
14:19:33: Initialising resource group General
14:19:33: GLSL compiling: 675838396_VS
14:19:33: GLSL compiled : 675838396_VS
14:19:33: GLSL compiling: 743243978_FS
14:19:33: GLSL compiled : 743243978_FS
14:19:33: GLSL compiling: FFPLib_Transform_VS
14:19:33: GLSL compiled : FFPLib_Transform_VS
14:19:33: GLSL compiling: FFPLib_Common_VS
14:19:33: GLSL compiled : FFPLib_Common_VS
14:19:33: GLSL compiling: SGXLib_PerPixelLighting_VS
14:19:33: GLSL compiled : SGXLib_PerPixelLighting_VS
14:19:33: GLSL compiling: FFPLib_Texturing_VS
14:19:33: GLSL compiled : FFPLib_Texturing_VS
14:19:33: GLSL compiling: FFPLib_Common_FS
14:19:33: GLSL compiled : FFPLib_Common_FS
14:19:33: GLSL compiling: SGXLib_PerPixelLighting_FS
14:19:33: GLSL compiled : SGXLib_PerPixelLighting_FS
14:19:33: GLSL compiling: FFPLib_Texturing_FS
14:19:33: GLSL compiled : FFPLib_Texturing_FS
14:19:33: GLSL link result : 
14:19:33: GLSL link result : 
14:19:33: GLSL link result : 
14:19:34: GLSL link result : 
14:19:35: DefaultWorkQueue('Root') shutting down on thread 0x1f512f0.
14:19:35: DefaultWorkQueue('Root')::WorkerFunc - thread 0x1f6f170 stopped.
14:19:35: DefaultWorkQueue('Root')::WorkerFunc - thread 0x2026e90 stopped.
14:19:35: Unregistering ResourceManager for type BspLevel
14:19:35: *-*-* OGRE Shutdown
14:19:35: *-*-* OGRE Shutdown
14:19:35: Unregistering ResourceManager for type Compositor
14:19:35: Unregistering ResourceManager for type Font
14:19:35: Unregistering ResourceManager for type Skeleton
14:19:35: Unregistering ResourceManager for type Mesh
14:19:35: Unregistering ResourceManager for type HighLevelGpuProgram
14:19:35: Uninstalling plugin: Octree & Terrain Scene Manager
14:19:35: Plugin successfully uninstalled
14:19:35: Unloading library /usr/lib/x86_64-linux-gnu/OGRE-1.7.4/Plugin_OctreeSceneManager.so
14:19:35: Uninstalling plugin: BSP Scene Manager
14:19:35: Plugin successfully uninstalled
14:19:35: Unloading library /usr/lib/x86_64-linux-gnu/OGRE-1.7.4/Plugin_BSPSceneManager.so
14:19:35: Uninstalling plugin: ParticleFX
14:19:35: Plugin successfully uninstalled
14:19:35: Unloading library /usr/lib/x86_64-linux-gnu/OGRE-1.7.4/Plugin_ParticleFX.so
14:19:35: Uninstalling plugin: GL RenderSystem
14:19:35: Unregistering ResourceManager for type GpuProgram
14:19:35: ******************************
*** Stopping GLX Subsystem ***
******************************
14:19:35: Unregistering ResourceManager for type Texture
14:19:35: Plugin successfully uninstalled
14:19:35: Unloading library /usr/lib/x86_64-linux-gnu/OGRE-1.7.4/RenderSystem_GL.so
14:19:35: Unregistering ResourceManager for type Material
